<?xml version="1.0" encoding="UTF-8"?>
<testsuite name="co.com.reto.qiip.runners.openuv.ConsultarUvRunner" tests="0" skipped="0" failures="0" errors="0" timestamp="1970-01-01T00:00:00" hostname="SQAT1MDEWIN51" time="0.0">
  <properties/>
  <system-out><![CDATA[
9 Scenarios (?[32m9 passed?[0m)
27 Steps (?[32m27 passed?[0m)
0m7,921s

]]></system-out>
  <system-err><![CDATA[53677 [Test worker] INFO net.thucydides.core.steps.ConsoleLoggingListener - Test Suite Started: Consultar el indice de UV en tiempo real
53693 [Test worker] INFO net.thucydides.core.steps.ConsoleLoggingListener - 
 _____ _____ ____ _____   ____ _____  _    ____ _____ _____ ____  
|_   _| ____/ ___|_   _| / ___|_   _|/ \  |  _ \_   _| ____|  _ \ 
  | | |  _| \___ \ | |   \___ \ | | / _ \ | |_) || | |  _| | | | |
  | | | |___ ___) || |    ___) || |/ ___ \|  _ < | | | |___| |_| |
  |_| |_____|____/ |_|   |____/ |_/_/   \_\_| \_\|_| |_____|____/ 
                                                                  

TEST STARTED: Consultar indice UV mediante OpenUV
-------------------------------------------------------------------(consultar-el-indice-de-uv-en-tiempo-real;consultar-indice-uv-mediante-openuv)
57137 [Test worker] INFO net.thucydides.core.steps.ConsoleLoggingListener - 
 _____ _____ ____ _____   ____ _____  _    ____ _____ _____ ____  
|_   _| ____/ ___|_   _| / ___|_   _|/ \  |  _ \_   _| ____|  _ \ 
  | | |  _| \___ \ | |   \___ \ | | / _ \ | |_) || | |  _| | | | |
  | | | |___ ___) || |    ___) || |/ ___ \|  _ < | | | |___| |_| |
  |_| |_____|____/ |_|   |____/ |_/_/   \_\_| \_\|_| |_____|____/ 
                                                                  

TEST STARTED: Validar campos obligatorios de la API
-------------------------------------------------------------------(consultar-el-indice-de-uv-en-tiempo-real;validar-campos-obligatorios-de-la-api)
59149 [Test worker] INFO net.thucydides.core.steps.ConsoleLoggingListener - 
 _____ _____ ____ _____   ____ _____  _    ____ _____ _____ ____  
|_   _| ____/ ___|_   _| / ___|_   _|/ \  |  _ \_   _| ____|  _ \ 
  | | |  _| \___ \ | |   \___ \ | | / _ \ | |_) || | |  _| | | | |
  | | | |___ ___) || |    ___) || |/ ___ \|  _ < | | | |___| |_| |
  |_| |_____|____/ |_|   |____/ |_/_/   \_\_| \_\|_| |_____|____/ 
                                                                  

TEST STARTED: Validar campos opcionales de la API
-------------------------------------------------------------------(consultar-el-indice-de-uv-en-tiempo-real;validar-campos-opcionales-de-la-api)
]]></system-err>
</testsuite>
